Using pre-set license
Built from '2020.3/staging' branch; Version is '2020.3.4f1 (0abb6314276a) revision 703331'; Using compiler version '192528614'; Build Type 'Release'
OS: 'Windows 10 Home; OS build 18363.1556; Version 1909; 64bit' Language: 'pt' Physical Memory: 3967 MB
BatchMode: 1, IsHumanControllingUs: 0, StartBugReporterOnCrash: 0, Is64bit: 1, IsPro: 0

 COMMAND LINE ARGUMENTS:
C:\Program Files\Unity\Hub\Editor\2020.3.4f1\Editor\Unity.exe
-adb2
-batchMode
-noUpm
-name
AssetImportWorker0
-projectPath
C:/Users/x/Desktop/RoboAtividade/RobotGuardBTStarter
-logFile
Logs/AssetImportWorker0.log
-srvPort
52983
Successfully changed project path to: C:/Users/x/Desktop/RoboAtividade/RobotGuardBTStarter
C:/Users/x/Desktop/RoboAtividade/RobotGuardBTStarter
Using Asset Import Pipeline V2.
